
=== Sun Sep 15 14:42:35 2019

Packages were changed.
Update Mode: mergeDefaultDependencies

The following packages were added:
  com.unity.ext.nunit@1.0.0
  com.unity.test-framework@1.0.13
  com.unity.ide.vscode@1.0.7
  com.unity.ide.visualstudio@1.0.11
  com.unity.ide.rider@1.0.8
  com.unity.ugui@1.0.0
  com.unity.modules.androidjni@1.0.0
The following packages were updated:
  com.unity.collab-proxy from version 1.2.9 to 1.2.16
  com.unity.textmeshpro from version 2.0.0 to 2.0.1
  com.unity.timeline from version 0.0.0-builtin to 1.1.0

=== Sun Sep 15 14:44:23 2019

Packages were changed.
Update Mode: mergeDefaultDependencies

The following packages were added:
  com.ptc.vuforia.engine@8.3.9
  com.unity.package-manager-ui@2.2.0

=== Tue Sep 17 17:24:03 2019

Packages were changed.
Update Mode: updateDependencies

The following packages were updated:
  com.unity.ide.rider from version 1.0.8 to 1.1.0
  com.unity.test-framework from version 1.0.13 to 1.1.1
  com.unity.timeline from version 1.1.0 to 1.2.1
The following packages were removed:
  com.unity.package-manager-ui@2.2.0
